<?xml version="1.0" encoding="UTF-8" ?>
<testsuite errors="0" failures="0" hostname="Prakash-PC" name="test.integration.AcceptanceTest_LoginApp" skipped="0" tests="8" time="3.417" timestamp="2018-03-07T10:07:06">
  <properties>
    <property name="java.vendor" value="Oracle Corporation" />
    <property name="sun.java.launcher" value="SUN_STANDARD" />
    <property name="eclipse.pdebuild.templates" value="/D:/eclipse-jee-mars/plugins/org.eclipse.pde.build_3.9.100.v20150521-1524/templates/" />
    <property name="sun.management.compiler" value="HotSpot 64-Bit Tiered Compilers" />
    <property name="tomcat-manager-password" value="admin" />
    <property name="os.name" value="Windows 7" />
    <property name="sun.boot.class.path" value="C:\Program Files\Java\jre1.8.0_144\lib\resources.jar;C:\Program Files\Java\jre1.8.0_144\lib\rt.jar;C:\Program Files\Java\jre1.8.0_144\lib\sunrsasign.jar;C:\Program Files\Java\jre1.8.0_144\lib\jsse.jar;C:\Program Files\Java\jre1.8.0_144\lib\jce.jar;C:\Program Files\Java\jre1.8.0_144\lib\charsets.jar;C:\Program Files\Java\jre1.8.0_144\lib\jfr.jar;C:\Program Files\Java\jre1.8.0_144\classes" />
    <property name="sun.desktop" value="windows" />
    <property name="java.vm.specification.vendor" value="Oracle Corporation" />
    <property name="ant.home" value="D:\eclipse-jee-mars\plugins\org.apache.ant_1.9.4.v201504302020" />
    <property name="java.runtime.version" value="1.8.0_144-b01" />
    <property name="user.name" value="Prakash" />
    <property name="reports" value="D:\LoginApp-Repository\Stage3-Integration\LoginWebApp\reports" />
    <property name="build.dir" value="build/classes" />
    <property name="tomcat-manager-username" value="admin" />
    <property name="user.language" value="en" />
    <property name="sun.boot.library.path" value="C:\Program Files\Java\jre1.8.0_144\bin" />
    <property name="ant.project.default-target" value="acceptance-test" />
    <property name="ant.project.name" value="Web-Test" />
    <property name="java.version" value="1.8.0_144" />
    <property name="user.timezone" value="" />
    <property name="sun.arch.data.model" value="64" />
    <property name="ant.file.type.Web-Test" value="file" />
    <property name="java.endorsed.dirs" value="C:\Program Files\Java\jre1.8.0_144\lib\endorsed" />
    <property name="sun.cpu.isalist" value="amd64" />
    <property name="sun.jnu.encoding" value="Cp1252" />
    <property name="file.encoding.pkg" value="sun.io" />
    <property name="file.separator" value="\" />
    <property name="java.specification.name" value="Java Platform API Specification" />
    <property name="java.class.version" value="52.0" />
    <property name="user.country" value="US" />
    <property name="java.home" value="C:\Program Files\Java\jre1.8.0_144" />
    <property name="java.vm.info" value="mixed mode" />
    <property name="ant.file" value="D:\LoginApp-Repository\Stage3-Integration\LoginWebApp\Test-Acceptance.xml" />
    <property name="os.version" value="6.1" />
    <property name="path.separator" value=";" />
    <property name="java.vm.version" value="25.144-b01" />
    <property name="user.variant" value="" />
    <property name="ant.library.dir" value="D:\eclipse-jee-mars\plugins\org.apache.ant_1.9.4.v201504302020\lib" />
    <property name="app-url" value="http://localhost:1100" />
    <property name="java.awt.printerjob" value="sun.awt.windows.WPrinterJob" />
    <property name="sun.io.unicode.encoding" value="UnicodeLittle" />
    <property name="awt.toolkit" value="sun.awt.windows.WToolkit" />
    <property name="user.script" value="" />
    <property name="eclipse.pdebuild.scripts" value="/D:/eclipse-jee-mars/plugins/org.eclipse.pde.build_3.9.100.v20150521-1524/scripts/" />
    <property name="user.home" value="C:\Users\Prakash" />
    <property name="java.specification.vendor" value="Oracle Corporation" />
    <property name="java.library.path" value="C:\Program Files\Java\jre1.8.0_144\bin;C:\Windows\Sun\Java\bin;C:\Windows\system32;C:\Windows;C:/Program Files/Java/jre1.8.0_144/bin/server;C:/Program Files/Java/jre1.8.0_144/bin;C:/Program Files/Java/jre1.8.0_144/lib/amd64;C:\Program Files\Docker Toolbox;D:\grails-3.2.5\grails-3.2.5\bin; ;C:\Users\Prakash\AppData\Roaming\npm;D:\groovy-2.4.3\bin;C:\Windows\system32;C:\Windows;C:\Windows\System32\Wbem;C:\Windows\System32\WindowsPowerShell\v1.0\;C:\Program Files\nodejs\;C:\Program Files\TortoiseSVN\bin;D:\apache-ant-1.10.1\bin;C:\Program Files (x86)\MSBuild\14.0\Bin;D:\nant-0.92\bin;D:\NUnit.Framework-3.7.1\bin\net-4.5;C:\Program Files\Git\cmd;D:\Docker-Kubernetes-Training\Installations;C:/Program Files/Java/jre1.8.0_144/bin;C:\Program Files\Git\bin;D:\apache-ant-1.9.9\bin;D:\nant-0.92\bin;C:\Windows\System32;D:\apache-maven-3.5.0\bin;D:\groovy-2.4.3\bin;C:\Users\Prakash\Desktop\Kubernetes;;C:\Program Files\Docker Toolbox;D:\Docker-Kubernetes-Training\Installations;D:\rabbitmq-server-windows-3.6.14\sbin;D:\apache-ant-1.9.9-bin\bin;;D:\eclipse-jee-mars;;." />
    <property name="java.vendor.url" value="http://java.oracle.com/" />
    <property name="builder" value="MyTeam " />
    <property name="java.vm.vendor" value="Oracle Corporation" />
    <property name="java.runtime.name" value="Java(TM) SE Runtime Environment" />
    <property name="sun.java.command" value="org.apache.tools.ant.taskdefs.optional.junit.JUnitTestRunner test.integration.AcceptanceTest_LoginApp skipNonTests=false filtertrace=true haltOnError=false haltOnFailure=false formatter=org.apache.tools.ant.taskdefs.optional.junit.SummaryJUnitResultFormatter showoutput=true outputtoformatters=true logfailedtests=true threadid=0 logtestlistenerevents=false formatter=org.apache.tools.ant.taskdefs.optional.junit.PlainJUnitResultFormatter formatter=org.apache.tools.ant.taskdefs.optional.junit.XMLJUnitResultFormatter,D:\LoginApp-Repository\Stage3-Integration\LoginWebApp\reports\final\test-result.xml crashfile=D:\LoginApp-Repository\Stage3-Integration\LoginWebApp\junitvmwatcher8652096419684501751.properties propsfile=D:\LoginApp-Repository\Stage3-Integration\LoginWebApp\junit2620570712410410070.properties" />
    <property name="java.class.path" value="D:\LoginApp-Repository\Stage3-Integration\LoginWebApp\build\classes;D:\LoginApp-Repository\Stage3-Integration\LoginWebApp\lib\catalina-ant.jar;D:\LoginApp-Repository\Stage3-Integration\LoginWebApp\lib\junit-4.2.jar;D:\LoginApp-Repository\Stage3-Integration\LoginWebApp\lib\mockito-all-1.10.19.jar;D:\LoginApp-Repository\Stage3-Integration\LoginWebApp\lib\servlet-api.jar;D:\LoginApp-Repository\Stage3-Integration\LoginWebApp\lib\sonarqube-ant-task-2.4.jar;D:\LoginApp-Repository\Stage3-Integration\LoginWebApp\lib\spring-core-4.1.5.RELEASE.jar;D:\LoginApp-Repository\Stage3-Integration\LoginWebApp\lib\spring-test-4.1.5.RELEASE.jar;D:\LoginApp-Repository\Stage3-Integration\LoginWebApp\lib\tomcat-util.jar;D:\LoginApp-Repository\Stage3-Integration\LoginWebApp\lib\htmlUnit\commons-codec-1.10.jar;D:\LoginApp-Repository\Stage3-Integration\LoginWebApp\lib\htmlUnit\commons-io-2.6.jar;D:\LoginApp-Repository\Stage3-Integration\LoginWebApp\lib\htmlUnit\commons-lang3-3.7.jar;D:\LoginApp-Repository\Stage3-Integration\LoginWebApp\lib\htmlUnit\commons-logging-1.2.jar;D:\LoginApp-Repository\Stage3-Integration\LoginWebApp\lib\htmlUnit\commons-net-3.6.jar;D:\LoginApp-Repository\Stage3-Integration\LoginWebApp\lib\htmlUnit\commons-text-1.2.jar;D:\LoginApp-Repository\Stage3-Integration\LoginWebApp\lib\htmlUnit\cssparser-0.9.24.jar;D:\LoginApp-Repository\Stage3-Integration\LoginWebApp\lib\htmlUnit\htmlunit-2.29.jar;D:\LoginApp-Repository\Stage3-Integration\LoginWebApp\lib\htmlUnit\htmlunit-core-js-2.28.jar;D:\LoginApp-Repository\Stage3-Integration\LoginWebApp\lib\htmlUnit\httpclient-4.5.4.jar;D:\LoginApp-Repository\Stage3-Integration\LoginWebApp\lib\htmlUnit\httpcore-4.4.7.jar;D:\LoginApp-Repository\Stage3-Integration\LoginWebApp\lib\htmlUnit\httpmime-4.5.4.jar;D:\LoginApp-Repository\Stage3-Integration\LoginWebApp\lib\htmlUnit\jetty-client-9.4.8.v20171121.jar;D:\LoginApp-Repository\Stage3-Integration\LoginWebApp\lib\htmlUnit\jetty-http-9.4.8.v20171121.jar;D:\LoginApp-Repository\Stage3-Integration\LoginWebApp\lib\htmlUnit\jetty-io-9.4.8.v20171121.jar;D:\LoginApp-Repository\Stage3-Integration\LoginWebApp\lib\htmlUnit\jetty-util-9.4.8.v20171121.jar;D:\LoginApp-Repository\Stage3-Integration\LoginWebApp\lib\htmlUnit\jetty-xml-9.4.8.v20171121.jar;D:\LoginApp-Repository\Stage3-Integration\LoginWebApp\lib\htmlUnit\neko-htmlunit-2.28.jar;D:\LoginApp-Repository\Stage3-Integration\LoginWebApp\lib\htmlUnit\sac-1.3.jar;D:\LoginApp-Repository\Stage3-Integration\LoginWebApp\lib\htmlUnit\serializer-2.7.2.jar;D:\LoginApp-Repository\Stage3-Integration\LoginWebApp\lib\htmlUnit\websocket-api-9.4.8.v20171121.jar;D:\LoginApp-Repository\Stage3-Integration\LoginWebApp\lib\htmlUnit\websocket-client-9.4.8.v20171121.jar;D:\LoginApp-Repository\Stage3-Integration\LoginWebApp\lib\htmlUnit\websocket-common-9.4.8.v20171121.jar;D:\LoginApp-Repository\Stage3-Integration\LoginWebApp\lib\htmlUnit\xalan-2.7.2.jar;D:\LoginApp-Repository\Stage3-Integration\LoginWebApp\lib\htmlUnit\xercesImpl-2.11.0.jar;D:\LoginApp-Repository\Stage3-Integration\LoginWebApp\lib\htmlUnit\xml-apis-1.4.01.jar;D:\eclipse-jee-mars\plugins\org.apache.ant_1.9.4.v201504302020\lib\ant-launcher.jar;D:\eclipse-jee-mars\plugins\org.apache.ant_1.9.4.v201504302020\lib\ant.jar;D:\eclipse-jee-mars\plugins\org.apache.ant_1.9.4.v201504302020\lib\ant-junit.jar;D:\eclipse-jee-mars\plugins\org.apache.ant_1.9.4.v201504302020\lib\ant-junit4.jar" />
    <property name="ant.version" value="Apache Ant(TM) version 1.9.4 compiled on April 29 2014" />
    <property name="ant.file.Web-Test" value="D:\LoginApp-Repository\Stage3-Integration\LoginWebApp\Test-Acceptance.xml" />
    <property name="java.vm.specification.name" value="Java Virtual Machine Specification" />
    <property name="java.vm.specification.version" value="1.8" />
    <property name="sun.cpu.endian" value="little" />
    <property name="sun.os.patch.level" value="Service Pack 1" />
    <property name="eclipse.pdebuild.home" value="/D:/eclipse-jee-mars/plugins/org.eclipse.pde.build_3.9.100.v20150521-1524/./" />
    <property name="java.io.tmpdir" value="C:\Users\Prakash\AppData\Local\Temp\" />
    <property name="java.vendor.url.bug" value="http://bugreport.sun.com/bugreport/" />
    <property name="os.arch" value="amd64" />
    <property name="java.awt.graphicsenv" value="sun.awt.Win32GraphicsEnvironment" />
    <property name="java.ext.dirs" value="C:\Program Files\Java\jre1.8.0_144\lib\ext;C:\Windows\Sun\Java\lib\ext" />
    <property name="war-file" value="TestApp.war" />
    <property name="user.dir" value="D:\LoginApp-Repository\Stage3-Integration\LoginWebApp" />
    <property name="line.separator" value="&#xd;&#xa;" />
    <property name="java.vm.name" value="Java HotSpot(TM) 64-Bit Server VM" />
    <property name="project-name" value="TestApp" />
    <property name="basedir" value="D:\LoginApp-Repository\Stage3-Integration\LoginWebApp" />
    <property name="ant.java.version" value="1.8" />
    <property name="ant.core.lib" value="D:\eclipse-jee-mars\plugins\org.apache.ant_1.9.4.v201504302020\lib\ant.jar" />
    <property name="tomcat-manager-url" value="http://localhost:1100/manager/text" />
    <property name="file.encoding" value="Cp1252" />
    <property name="source.dir" value="src" />
    <property name="java.specification.version" value="1.8" />
    <property name="ant.project.invoked-targets" value="acceptance-test" />
  </properties>
  <testcase classname="test.integration.AcceptanceTest_LoginApp" name="checkLoginError" time="2.606" />
  <testcase classname="test.integration.AcceptanceTest_LoginApp" name="verifyLoginPageMessage" time="0.047" />
  <testcase classname="test.integration.AcceptanceTest_LoginApp" name="verifyLoginPageForm" time="0.078" />
  <testcase classname="test.integration.AcceptanceTest_LoginApp" name="verifyLoginPageFormByName" time="0.047" />
  <testcase classname="test.integration.AcceptanceTest_LoginApp" name="verifyLoginPageTitle" time="0.062" />
  <testcase classname="test.integration.AcceptanceTest_LoginApp" name="verifyLoginFormID" time="0.047" />
  <testcase classname="test.integration.AcceptanceTest_LoginApp" name="checkLoginFormAction" time="0.249" />
  <testcase classname="test.integration.AcceptanceTest_LoginApp" name="checkLoginSuccessAction" time="0.078" />
  <system-out><![CDATA[]]></system-out>
  <system-err><![CDATA[]]></system-err>
</testsuite>
