  <project name="Web-Test" default="acceptance-test" basedir=".">
	<property file="build.properties" />
	
	<property name="war-file" value="${project-name}.war" />   
	<property name="build.dir" value="build/classes" />
	<property name="source.dir" value="src" />
	<property name="reports" location="reports"/>
	
	 
	
	<path id="compile.classpath">
		<pathelement location="${java.home}/../lib/tools.jar" />
		<fileset dir="${basedir}/lib">
		    <include name="*.jar" />			 
		</fileset>
		
		<fileset dir="${basedir}/lib/htmlUnit">
			<include name="*.jar" />			 
		</fileset>	 
         
	</path>
	
	<target name="init">
     <delete dir="${build.dir}" />    	
     <mkdir dir="${build.dir}"/>
      <delete dir="${reports}/final" />		
      <!-- <delete dir="${reports}" />		
      <mkdir dir="${reports}" /> -->
      <mkdir dir="${reports}/final" />		
		<echo>Working with ant version : ${ant.version}</echo>
	 <echo>Current java version :  ${java.version}</echo>
</target>
	
	
  	
  	<target name="compiletest" depends="init">  		
  			<echo message="Compiling test files "/>	
  			<javac includeantruntime='true' destdir="${build.dir}" classpathref="compile.classpath">
  			    <src path="${source.dir}" />
  	             <include name="test/integration/AcceptanceTest_LoginApp.java" />  	             
  			</javac>
  		</target>
  	
  	<target name="acceptance-test" depends="compiletest">
  			<echo message="Running the acceptance-test.."/>
  			 <junit printsummary="yes" fork="yes" haltonfailure="no" showoutput="yes">

  				<classpath>				 			 
  					<pathelement location="${build.dir}" />
  					<pathelement path="" />
  					<path refid = "compile.classpath" />				 
  				</classpath>
  				
  			 <formatter type="plain" usefile="false" /> 

  				<test name="test.integration.AcceptanceTest_LoginApp" haltonfailure="no" outfile="test-result" 
  					todir="${reports}/final">
  				     <formatter type="xml"/> 
  				 </test>   	 
  			</junit>
  			  <!-- <junitreport  todir="${reports}/final">
  				  <fileset dir="${reports}/final">
  				    <include name="*.xml"/>
  				  </fileset>
  				  <report format="frames" todir="${reports}/final"/>
  				</junitreport>	 -->	 
  		</target>	
	 
	
</project>